This is pdfTeX, Version 3.141592653-2.6-1.40.27 (MiKTeX 25.4) (preloaded format=pdflatex 2025.11.10)  10 NOV 2025 18:57
entering extended mode
 restricted \write18 enabled.
 file:line:error style messages enabled.
 %&-line parsing enabled.
**"c:/Users/kb10719/KajaButina RP/racunalniski-praktikum/06-uvod-v-latex/urnik/urnik.tex"
(c:/Users/kb10719/KajaButina RP/racunalniski-praktikum/06-uvod-v-latex/urnik/urnik.tex
LaTeX2e <2025-06-01> patch level 1
L3 programming layer <2025-07-20>
(C:\Program Files\MiKTeX\tex/latex/base\article.cls
Document Class: article 2025/01/22 v1.4n Standard LaTeX document class
(C:\Program Files\MiKTeX\tex/latex/base\size10.clo
File: size10.clo 2025/01/22 v1.4n Standard LaTeX file (size option)
)
\c@part=\count275
\c@section=\count276
\c@subsection=\count277
\c@subsubsection=\count278
\c@paragraph=\count279
\c@subparagraph=\count280
\c@figure=\count281
\c@table=\count282
\abovecaptionskip=\skip49
\belowcaptionskip=\skip50
\bibindent=\dimen148
) (C:\Program Files\MiKTeX\tex/latex/base\inputenc.sty
Package: inputenc 2024/02/08 v1.3d Input encoding file
\inpenc@prehook=\toks17
\inpenc@posthook=\toks18
) (C:\Program Files\MiKTeX\tex/latex/base\fontenc.sty
Package: fontenc 2024/12/21 v2.1c Standard LaTeX package
) (C:\Program Files\MiKTeX\tex/generic/babel\babel.sty
Package: babel 2025/08/03 v25.12 The multilingual framework for LuaLaTeX, pdfLaTeX and XeLaTeX
\babel@savecnt=\count283
LaTeX Encoding Info:    Redeclaring text command \ij (encoding OT1) on input line 2045.
LaTeX Encoding Info:    Redeclaring text command \IJ (encoding OT1) on input line 2047.
LaTeX Encoding Info:    Redeclaring text command \ij (encoding T1) on input line 2049.
LaTeX Encoding Info:    Redeclaring text command \IJ (encoding T1) on input line 2050.
LaTeX Encoding Info:    Ignoring declaration for text command \ij (encoding ?) on input line 2051.
LaTeX Encoding Info:    Ignoring declaration for text command \IJ (encoding ?) on input line 2053.
LaTeX Encoding Info:    Ignoring declaration for text command \SS (encoding ?) on input line 2078.
\U@D=\dimen149
\l@unhyphenated=\language79
 (C:\Program Files\MiKTeX\tex/generic/babel\txtbabel.def)
\bbl@readstream=\read2
\bbl@dirlevel=\count284

*************************************
* Local config file bblopts.cfg used
*
(C:\Program Files\MiKTeX\tex/latex/arabi\bblopts.cfg
File: bblopts.cfg 2005/09/08 v0.1 add Arabic and Farsi to "declared" options of babel
) (C:\Users\kb10719\AppData\Roaming\MiKTeX\tex/latex/babel-slovenian\slovene.ldf
Language: slovene 2025/05/10 v1.2p Slovenian support from the babel system
 (C:\Users\kb10719\AppData\Roaming\MiKTeX\tex/latex/babel-slovenian\slovenian.ldf
Language: slovenian 2025/05/10 v1.2p Slovenian support from the babel system
 (C:\Program Files\MiKTeX\tex/generic/babel/locale/sl\babel-slovene.tex
Package babel Info: Importing font and identification data for slovene
(babel)             from babel-sl.ini. Reported on input line 11.
)
Package babel Info: Making " an active character on input line 80.
))) (C:\Program Files\MiKTeX\tex/latex/l3backend\l3backend-pdftex.def
File: l3backend-pdftex.def 2025-06-09 L3 backend support: PDF output (pdfTeX)
\l__color_backend_stack_int=\count285
) (urnik.aux)
\openout1 = `urnik.aux'.

LaTeX Font Info:    Checking defaults for OML/cmm/m/it on input line 13.
LaTeX Font Info:    ... okay on input line 13.
LaTeX Font Info:    Checking defaults for OMS/cmsy/m/n on input line 13.
LaTeX Font Info:    ... okay on input line 13.
LaTeX Font Info:    Checking defaults for OT1/cmr/m/n on input line 13.
LaTeX Font Info:    ... okay on input line 13.
LaTeX Font Info:    Checking defaults for T1/cmr/m/n on input line 13.
LaTeX Font Info:    ... okay on input line 13.
LaTeX Font Info:    Checking defaults for TS1/cmr/m/n on input line 13.
LaTeX Font Info:    ... okay on input line 13.
LaTeX Font Info:    Checking defaults for OMX/cmex/m/n on input line 13.
LaTeX Font Info:    ... okay on input line 13.
LaTeX Font Info:    Checking defaults for U/cmr/m/n on input line 13.
LaTeX Font Info:    ... okay on input line 13.
Package babel Info: 'slovene' activates 'slovene' shorthands.
(babel)             Reported on input line 13.
LaTeX Font Info:    External font `cmex10' loaded for size
(Font)              <12> on input line 24.
LaTeX Font Info:    External font `cmex10' loaded for size
(Font)              <8> on input line 24.
LaTeX Font Info:    External font `cmex10' loaded for size
(Font)              <6> on input line 24.


[1

{C:/Users/kb10719/AppData/Local/MiKTeX/fonts/map/pdftex/pdftex.map}]

[2]

[3]

[4]

[5]

[6]

[7]

c:/Users/kb10719/KajaButina RP/racunalniski-praktikum/06-uvod-v-latex/urnik/urnik.tex:520: LaTeX Error: Can be used only in preamble.

See the LaTeX manual or LaTeX Companion for explanation.
Type  H <return>  for immediate help.
 ...                                              
                                                  
l.520 \documentclass
                    {article}
Your command was ignored.
Type  I <command> <return>  to replace it with another command,
or  <return>  to continue without it.


c:/Users/kb10719/KajaButina RP/racunalniski-praktikum/06-uvod-v-latex/urnik/urnik.tex:521: LaTeX Error: Can be used only in preamble.

See the LaTeX manual or LaTeX Companion for explanation.
Type  H <return>  for immediate help.
 ...                                              
                                                  
l.521 \usepackage
                 [utf8]{inputenc}      % kodiranje znakov
Your command was ignored.
Type  I <command> <return>  to replace it with another command,
or  <return>  to continue without it.


c:/Users/kb10719/KajaButina RP/racunalniski-praktikum/06-uvod-v-latex/urnik/urnik.tex:522: LaTeX Error: Can be used only in preamble.

See the LaTeX manual or LaTeX Companion for explanation.
Type  H <return>  for immediate help.
 ...                                              
                                                  
l.522 \usepackage
                 [T1]{fontenc}         % pravilno prikazovanje ƒç, ≈°, ≈æ
Your command was ignored.
Type  I <command> <return>  to replace it with another command,
or  <return>  to continue without it.


c:/Users/kb10719/KajaButina RP/racunalniski-praktikum/06-uvod-v-latex/urnik/urnik.tex:523: LaTeX Error: Can be used only in preamble.

See the LaTeX manual or LaTeX Companion for explanation.
Type  H <return>  for immediate help.
 ...                                              
                                                  
l.523 \usepackage
                 [slovene]{babel}      % deljenje besed in prevodi v sloven≈...
Your command was ignored.
Type  I <command> <return>  to replace it with another command,
or  <return>  to continue without it.


c:/Users/kb10719/KajaButina RP/racunalniski-praktikum/06-uvod-v-latex/urnik/urnik.tex:531: LaTeX Error: Can be used only in preamble.

See the LaTeX manual or LaTeX Companion for explanation.
Type  H <return>  for immediate help.
 ...                                              
                                                  
l.531 \begin{document}
                      
Your command was ignored.
Type  I <command> <return>  to replace it with another command,
or  <return>  to continue without it.



[8]
Overfull \hbox (58.45703pt too wide) in paragraph at lines 595--604
\T1/cmr/m/n/10 <ime-Pred-meta>matematika</imePredmeta> <ste-vi-lo-Ur-Na-Te-den>3</steviloUrNaTeden>
 []



[9]

[10]

[11]

[12]

[13]

[14]

[15]

c:/Users/kb10719/KajaButina RP/racunalniski-praktikum/06-uvod-v-latex/urnik/urnik.tex:1029: LaTeX Error: Can be used only in preamble.

See the LaTeX manual or LaTeX Companion for explanation.
Type  H <return>  for immediate help.
 ...                                              
                                                  
l.1029 \documentclass
                     {article}
Your command was ignored.
Type  I <command> <return>  to replace it with another command,
or  <return>  to continue without it.


c:/Users/kb10719/KajaButina RP/racunalniski-praktikum/06-uvod-v-latex/urnik/urnik.tex:1030: LaTeX Error: Can be used only in preamble.

See the LaTeX manual or LaTeX Companion for explanation.
Type  H <return>  for immediate help.
 ...                                              
                                                  
l.1030 \usepackage
                  [utf8]{inputenc}      % kodiranje znakov
Your command was ignored.
Type  I <command> <return>  to replace it with another command,
or  <return>  to continue without it.


c:/Users/kb10719/KajaButina RP/racunalniski-praktikum/06-uvod-v-latex/urnik/urnik.tex:1031: LaTeX Error: Can be used only in preamble.

See the LaTeX manual or LaTeX Companion for explanation.
Type  H <return>  for immediate help.
 ...                                              
                                                  
l.1031 \usepackage
                  [T1]{fontenc}         % pravilno prikazovanje ƒç, ≈°, ≈æ
Your command was ignored.
Type  I <command> <return>  to replace it with another command,
or  <return>  to continue without it.


c:/Users/kb10719/KajaButina RP/racunalniski-praktikum/06-uvod-v-latex/urnik/urnik.tex:1032: LaTeX Error: Can be used only in preamble.

See the LaTeX manual or LaTeX Companion for explanation.
Type  H <return>  for immediate help.
 ...                                              
                                                  
l.1032 \usepackage
                  [slovene]{babel}      % deljenje besed in prevodi v sloven...
Your command was ignored.
Type  I <command> <return>  to replace it with another command,
or  <return>  to continue without it.


c:/Users/kb10719/KajaButina RP/racunalniski-praktikum/06-uvod-v-latex/urnik/urnik.tex:1040: LaTeX Error: Can be used only in preamble.

See the LaTeX manual or LaTeX Companion for explanation.
Type  H <return>  for immediate help.
 ...                                              
                                                  
l.1040 \begin{document}
                       
Your command was ignored.
Type  I <command> <return>  to replace it with another command,
or  <return>  to continue without it.



[16]
Overfull \hbox (58.45703pt too wide) in paragraph at lines 1104--1113
\T1/cmr/m/n/10 <ime-Pred-meta>matematika</imePredmeta> <ste-vi-lo-Ur-Na-Te-den>3</steviloUrNaTeden>
 []



[17]

[18]

[19]

[20]

[21]

[22]

c:/Users/kb10719/KajaButina RP/racunalniski-praktikum/06-uvod-v-latex/urnik/urnik.tex:1538: LaTeX Error: Can be used only in preamble.

See the LaTeX manual or LaTeX Companion for explanation.
Type  H <return>  for immediate help.
 ...                                              
                                                  
l.1538 \documentclass
                     {article}
Your command was ignored.
Type  I <command> <return>  to replace it with another command,
or  <return>  to continue without it.


c:/Users/kb10719/KajaButina RP/racunalniski-praktikum/06-uvod-v-latex/urnik/urnik.tex:1539: LaTeX Error: Can be used only in preamble.

See the LaTeX manual or LaTeX Companion for explanation.
Type  H <return>  for immediate help.
 ...                                              
                                                  
l.1539 \usepackage
                  [utf8]{inputenc}      % kodiranje znakov
Your command was ignored.
Type  I <command> <return>  to replace it with another command,
or  <return>  to continue without it.


c:/Users/kb10719/KajaButina RP/racunalniski-praktikum/06-uvod-v-latex/urnik/urnik.tex:1540: LaTeX Error: Can be used only in preamble.

See the LaTeX manual or LaTeX Companion for explanation.
Type  H <return>  for immediate help.
 ...                                              
                                                  
l.1540 \usepackage
                  [T1]{fontenc}         % pravilno prikazovanje ƒç, ≈°, ≈æ
Your command was ignored.
Type  I <command> <return>  to replace it with another command,
or  <return>  to continue without it.


c:/Users/kb10719/KajaButina RP/racunalniski-praktikum/06-uvod-v-latex/urnik/urnik.tex:1541: LaTeX Error: Can be used only in preamble.

See the LaTeX manual or LaTeX Companion for explanation.
Type  H <return>  for immediate help.
 ...                                              
                                                  
l.1541 \usepackage
                  [slovene]{babel}      % deljenje besed in prevodi v sloven...
Your command was ignored.
Type  I <command> <return>  to replace it with another command,
or  <return>  to continue without it.


c:/Users/kb10719/KajaButina RP/racunalniski-praktikum/06-uvod-v-latex/urnik/urnik.tex:1549: LaTeX Error: Can be used only in preamble.

See the LaTeX manual or LaTeX Companion for explanation.
Type  H <return>  for immediate help.
 ...                                              
                                                  
l.1549 \begin{document}
                       
Your command was ignored.
Type  I <command> <return>  to replace it with another command,
or  <return>  to continue without it.



[23]
Overfull \hbox (58.45703pt too wide) in paragraph at lines 1613--1622
\T1/cmr/m/n/10 <ime-Pred-meta>matematika</imePredmeta> <ste-vi-lo-Ur-Na-Te-den>3</steviloUrNaTeden>
 []



[24]

[25]

[26]

[27]

[28]

[29]

c:/Users/kb10719/KajaButina RP/racunalniski-praktikum/06-uvod-v-latex/urnik/urnik.tex:2047: LaTeX Error: Can be used only in preamble.

See the LaTeX manual or LaTeX Companion for explanation.
Type  H <return>  for immediate help.
 ...                                              
                                                  
l.2047 \documentclass
                     {article}
Your command was ignored.
Type  I <command> <return>  to replace it with another command,
or  <return>  to continue without it.


c:/Users/kb10719/KajaButina RP/racunalniski-praktikum/06-uvod-v-latex/urnik/urnik.tex:2048: LaTeX Error: Can be used only in preamble.

See the LaTeX manual or LaTeX Companion for explanation.
Type  H <return>  for immediate help.
 ...                                              
                                                  
l.2048 \usepackage
                  [utf8]{inputenc}      % kodiranje znakov
Your command was ignored.
Type  I <command> <return>  to replace it with another command,
or  <return>  to continue without it.


c:/Users/kb10719/KajaButina RP/racunalniski-praktikum/06-uvod-v-latex/urnik/urnik.tex:2049: LaTeX Error: Can be used only in preamble.

See the LaTeX manual or LaTeX Companion for explanation.
Type  H <return>  for immediate help.
 ...                                              
                                                  
l.2049 \usepackage
                  [T1]{fontenc}         % pravilno prikazovanje ƒç, ≈°, ≈æ
Your command was ignored.
Type  I <command> <return>  to replace it with another command,
or  <return>  to continue without it.


c:/Users/kb10719/KajaButina RP/racunalniski-praktikum/06-uvod-v-latex/urnik/urnik.tex:2050: LaTeX Error: Can be used only in preamble.

See the LaTeX manual or LaTeX Companion for explanation.
Type  H <return>  for immediate help.
 ...                                              
                                                  
l.2050 \usepackage
                  [slovene]{babel}      % deljenje besed in prevodi v sloven...
Your command was ignored.
Type  I <command> <return>  to replace it with another command,
or  <return>  to continue without it.


c:/Users/kb10719/KajaButina RP/racunalniski-praktikum/06-uvod-v-latex/urnik/urnik.tex:2058: LaTeX Error: Can be used only in preamble.

See the LaTeX manual or LaTeX Companion for explanation.
Type  H <return>  for immediate help.
 ...                                              
                                                  
l.2058 \begin{document}
                       
Your command was ignored.
Type  I <command> <return>  to replace it with another command,
or  <return>  to continue without it.



[30]
Overfull \hbox (58.45703pt too wide) in paragraph at lines 2122--2131
\T1/cmr/m/n/10 <ime-Pred-meta>matematika</imePredmeta> <ste-vi-lo-Ur-Na-Te-den>3</steviloUrNaTeden>
 []



[31]

[32]

[33]

[34]

[35]

[36]

[37]

c:/Users/kb10719/KajaButina RP/racunalniski-praktikum/06-uvod-v-latex/urnik/urnik.tex:2556: LaTeX Error: Can be used only in preamble.

See the LaTeX manual or LaTeX Companion for explanation.
Type  H <return>  for immediate help.
 ...                                              
                                                  
l.2556 \documentclass
                     {article}
Your command was ignored.
Type  I <command> <return>  to replace it with another command,
or  <return>  to continue without it.


c:/Users/kb10719/KajaButina RP/racunalniski-praktikum/06-uvod-v-latex/urnik/urnik.tex:2557: LaTeX Error: Can be used only in preamble.

See the LaTeX manual or LaTeX Companion for explanation.
Type  H <return>  for immediate help.
 ...                                              
                                                  
l.2557 \usepackage
                  [utf8]{inputenc}      % kodiranje znakov
Your command was ignored.
Type  I <command> <return>  to replace it with another command,
or  <return>  to continue without it.


c:/Users/kb10719/KajaButina RP/racunalniski-praktikum/06-uvod-v-latex/urnik/urnik.tex:2558: LaTeX Error: Can be used only in preamble.

See the LaTeX manual or LaTeX Companion for explanation.
Type  H <return>  for immediate help.
 ...                                              
                                                  
l.2558 \usepackage
                  [T1]{fontenc}         % pravilno prikazovanje ƒç, ≈°, ≈æ
Your command was ignored.
Type  I <command> <return>  to replace it with another command,
or  <return>  to continue without it.


c:/Users/kb10719/KajaButina RP/racunalniski-praktikum/06-uvod-v-latex/urnik/urnik.tex:2559: LaTeX Error: Can be used only in preamble.

See the LaTeX manual or LaTeX Companion for explanation.
Type  H <return>  for immediate help.
 ...                                              
                                                  
l.2559 \usepackage
                  [slovene]{babel}      % deljenje besed in prevodi v sloven...
Your command was ignored.
Type  I <command> <return>  to replace it with another command,
or  <return>  to continue without it.


c:/Users/kb10719/KajaButina RP/racunalniski-praktikum/06-uvod-v-latex/urnik/urnik.tex:2567: LaTeX Error: Can be used only in preamble.

See the LaTeX manual or LaTeX Companion for explanation.
Type  H <return>  for immediate help.
 ...                                              
                                                  
l.2567 \begin{document}
                       
Your command was ignored.
Type  I <command> <return>  to replace it with another command,
or  <return>  to continue without it.



[38]
Overfull \hbox (58.45703pt too wide) in paragraph at lines 2631--2640
\T1/cmr/m/n/10 <ime-Pred-meta>matematika</imePredmeta> <ste-vi-lo-Ur-Na-Te-den>3</steviloUrNaTeden>
 []



[39]

[40]

[41]

[42]

[43]

[44]

c:/Users/kb10719/KajaButina RP/racunalniski-praktikum/06-uvod-v-latex/urnik/urnik.tex:3065: LaTeX Error: Can be used only in preamble.

See the LaTeX manual or LaTeX Companion for explanation.
Type  H <return>  for immediate help.
 ...                                              
                                                  
l.3065 \documentclass
                     {article}
Your command was ignored.
Type  I <command> <return>  to replace it with another command,
or  <return>  to continue without it.


c:/Users/kb10719/KajaButina RP/racunalniski-praktikum/06-uvod-v-latex/urnik/urnik.tex:3066: LaTeX Error: Can be used only in preamble.

See the LaTeX manual or LaTeX Companion for explanation.
Type  H <return>  for immediate help.
 ...                                              
                                                  
l.3066 \usepackage
                  [utf8]{inputenc}      % kodiranje znakov
Your command was ignored.
Type  I <command> <return>  to replace it with another command,
or  <return>  to continue without it.


c:/Users/kb10719/KajaButina RP/racunalniski-praktikum/06-uvod-v-latex/urnik/urnik.tex:3067: LaTeX Error: Can be used only in preamble.

See the LaTeX manual or LaTeX Companion for explanation.
Type  H <return>  for immediate help.
 ...                                              
                                                  
l.3067 \usepackage
                  [T1]{fontenc}         % pravilno prikazovanje ƒç, ≈°, ≈æ
Your command was ignored.
Type  I <command> <return>  to replace it with another command,
or  <return>  to continue without it.


c:/Users/kb10719/KajaButina RP/racunalniski-praktikum/06-uvod-v-latex/urnik/urnik.tex:3068: LaTeX Error: Can be used only in preamble.

See the LaTeX manual or LaTeX Companion for explanation.
Type  H <return>  for immediate help.
 ...                                              
                                                  
l.3068 \usepackage
                  [slovene]{babel}      % deljenje besed in prevodi v sloven...
Your command was ignored.
Type  I <command> <return>  to replace it with another command,
or  <return>  to continue without it.


c:/Users/kb10719/KajaButina RP/racunalniski-praktikum/06-uvod-v-latex/urnik/urnik.tex:3076: LaTeX Error: Can be used only in preamble.

See the LaTeX manual or LaTeX Companion for explanation.
Type  H <return>  for immediate help.
 ...                                              
                                                  
l.3076 \begin{document}
                       
Your command was ignored.
Type  I <command> <return>  to replace it with another command,
or  <return>  to continue without it.



[45]
Overfull \hbox (58.45703pt too wide) in paragraph at lines 3140--3149
\T1/cmr/m/n/10 <ime-Pred-meta>matematika</imePredmeta> <ste-vi-lo-Ur-Na-Te-den>3</steviloUrNaTeden>
 []



[46]

[47]

[48]

[49]

[50]

[51]

[52]

c:/Users/kb10719/KajaButina RP/racunalniski-praktikum/06-uvod-v-latex/urnik/urnik.tex:3574: LaTeX Error: Can be used only in preamble.

See the LaTeX manual or LaTeX Companion for explanation.
Type  H <return>  for immediate help.
 ...                                              
                                                  
l.3574 \documentclass
                     {article}
Your command was ignored.
Type  I <command> <return>  to replace it with another command,
or  <return>  to continue without it.


c:/Users/kb10719/KajaButina RP/racunalniski-praktikum/06-uvod-v-latex/urnik/urnik.tex:3575: LaTeX Error: Can be used only in preamble.

See the LaTeX manual or LaTeX Companion for explanation.
Type  H <return>  for immediate help.
 ...                                              
                                                  
l.3575 \usepackage
                  [utf8]{inputenc}      % kodiranje znakov
Your command was ignored.
Type  I <command> <return>  to replace it with another command,
or  <return>  to continue without it.


c:/Users/kb10719/KajaButina RP/racunalniski-praktikum/06-uvod-v-latex/urnik/urnik.tex:3576: LaTeX Error: Can be used only in preamble.

See the LaTeX manual or LaTeX Companion for explanation.
Type  H <return>  for immediate help.
 ...                                              
                                                  
l.3576 \usepackage
                  [T1]{fontenc}         % pravilno prikazovanje ƒç, ≈°, ≈æ
Your command was ignored.
Type  I <command> <return>  to replace it with another command,
or  <return>  to continue without it.


c:/Users/kb10719/KajaButina RP/racunalniski-praktikum/06-uvod-v-latex/urnik/urnik.tex:3577: LaTeX Error: Can be used only in preamble.

See the LaTeX manual or LaTeX Companion for explanation.
Type  H <return>  for immediate help.
 ...                                              
                                                  
l.3577 \usepackage
                  [slovene]{babel}      % deljenje besed in prevodi v sloven...
Your command was ignored.
Type  I <command> <return>  to replace it with another command,
or  <return>  to continue without it.


c:/Users/kb10719/KajaButina RP/racunalniski-praktikum/06-uvod-v-latex/urnik/urnik.tex:3585: LaTeX Error: Can be used only in preamble.

See the LaTeX manual or LaTeX Companion for explanation.
Type  H <return>  for immediate help.
 ...                                              
                                                  
l.3585 \begin{document}
                       
Your command was ignored.
Type  I <command> <return>  to replace it with another command,
or  <return>  to continue without it.



[53]
Overfull \hbox (58.45703pt too wide) in paragraph at lines 3649--3658
\T1/cmr/m/n/10 <ime-Pred-meta>matematika</imePredmeta> <ste-vi-lo-Ur-Na-Te-den>3</steviloUrNaTeden>
 []



[54]

[55]

[56]

[57]

[58]

[59]

c:/Users/kb10719/KajaButina RP/racunalniski-praktikum/06-uvod-v-latex/urnik/urnik.tex:4083: LaTeX Error: Can be used only in preamble.

See the LaTeX manual or LaTeX Companion for explanation.
Type  H <return>  for immediate help.
 ...                                              
                                                  
l.4083 \documentclass
                     {article}
Your command was ignored.
Type  I <command> <return>  to replace it with another command,
or  <return>  to continue without it.


c:/Users/kb10719/KajaButina RP/racunalniski-praktikum/06-uvod-v-latex/urnik/urnik.tex:4084: LaTeX Error: Can be used only in preamble.

See the LaTeX manual or LaTeX Companion for explanation.
Type  H <return>  for immediate help.
 ...                                              
                                                  
l.4084 \usepackage
                  [utf8]{inputenc}      % kodiranje znakov
Your command was ignored.
Type  I <command> <return>  to replace it with another command,
or  <return>  to continue without it.


c:/Users/kb10719/KajaButina RP/racunalniski-praktikum/06-uvod-v-latex/urnik/urnik.tex:4085: LaTeX Error: Can be used only in preamble.

See the LaTeX manual or LaTeX Companion for explanation.
Type  H <return>  for immediate help.
 ...                                              
                                                  
l.4085 \usepackage
                  [T1]{fontenc}         % pravilno prikazovanje ƒç, ≈°, ≈æ
Your command was ignored.
Type  I <command> <return>  to replace it with another command,
or  <return>  to continue without it.


c:/Users/kb10719/KajaButina RP/racunalniski-praktikum/06-uvod-v-latex/urnik/urnik.tex:4086: LaTeX Error: Can be used only in preamble.

See the LaTeX manual or LaTeX Companion for explanation.
Type  H <return>  for immediate help.
 ...                                              
                                                  
l.4086 \usepackage
                  [slovene]{babel}      % deljenje besed in prevodi v sloven...
Your command was ignored.
Type  I <command> <return>  to replace it with another command,
or  <return>  to continue without it.


c:/Users/kb10719/KajaButina RP/racunalniski-praktikum/06-uvod-v-latex/urnik/urnik.tex:4094: LaTeX Error: Can be used only in preamble.

See the LaTeX manual or LaTeX Companion for explanation.
Type  H <return>  for immediate help.
 ...                                              
                                                  
l.4094 \begin{document}
                       
Your command was ignored.
Type  I <command> <return>  to replace it with another command,
or  <return>  to continue without it.



[60]
Overfull \hbox (58.45703pt too wide) in paragraph at lines 4158--4167
\T1/cmr/m/n/10 <ime-Pred-meta>matematika</imePredmeta> <ste-vi-lo-Ur-Na-Te-den>3</steviloUrNaTeden>
 []



[61]

[62]

[63]

[64]

[65]

[66]

[67]

c:/Users/kb10719/KajaButina RP/racunalniski-praktikum/06-uvod-v-latex/urnik/urnik.tex:4592: LaTeX Error: Can be used only in preamble.

See the LaTeX manual or LaTeX Companion for explanation.
Type  H <return>  for immediate help.
 ...                                              
                                                  
l.4592 \documentclass
                     {article}
Your command was ignored.
Type  I <command> <return>  to replace it with another command,
or  <return>  to continue without it.


c:/Users/kb10719/KajaButina RP/racunalniski-praktikum/06-uvod-v-latex/urnik/urnik.tex:4593: LaTeX Error: Can be used only in preamble.

See the LaTeX manual or LaTeX Companion for explanation.
Type  H <return>  for immediate help.
 ...                                              
                                                  
l.4593 \usepackage
                  [utf8]{inputenc}      % kodiranje znakov
Your command was ignored.
Type  I <command> <return>  to replace it with another command,
or  <return>  to continue without it.


c:/Users/kb10719/KajaButina RP/racunalniski-praktikum/06-uvod-v-latex/urnik/urnik.tex:4594: LaTeX Error: Can be used only in preamble.

See the LaTeX manual or LaTeX Companion for explanation.
Type  H <return>  for immediate help.
 ...                                              
                                                  
l.4594 \usepackage
                  [T1]{fontenc}         % pravilno prikazovanje ƒç, ≈°, ≈æ
Your command was ignored.
Type  I <command> <return>  to replace it with another command,
or  <return>  to continue without it.


c:/Users/kb10719/KajaButina RP/racunalniski-praktikum/06-uvod-v-latex/urnik/urnik.tex:4595: LaTeX Error: Can be used only in preamble.

See the LaTeX manual or LaTeX Companion for explanation.
Type  H <return>  for immediate help.
 ...                                              
                                                  
l.4595 \usepackage
                  [slovene]{babel}      % deljenje besed in prevodi v sloven...
Your command was ignored.
Type  I <command> <return>  to replace it with another command,
or  <return>  to continue without it.


c:/Users/kb10719/KajaButina RP/racunalniski-praktikum/06-uvod-v-latex/urnik/urnik.tex:4603: LaTeX Error: Can be used only in preamble.

See the LaTeX manual or LaTeX Companion for explanation.
Type  H <return>  for immediate help.
 ...                                              
                                                  
l.4603 \begin{document}
                       
Your command was ignored.
Type  I <command> <return>  to replace it with another command,
or  <return>  to continue without it.



[68]
Overfull \hbox (58.45703pt too wide) in paragraph at lines 4667--4676
\T1/cmr/m/n/10 <ime-Pred-meta>matematika</imePredmeta> <ste-vi-lo-Ur-Na-Te-den>3</steviloUrNaTeden>
 []



[69]

[70]

[71]

[72]

[73]

[74]

c:/Users/kb10719/KajaButina RP/racunalniski-praktikum/06-uvod-v-latex/urnik/urnik.tex:5101: LaTeX Error: Can be used only in preamble.

See the LaTeX manual or LaTeX Companion for explanation.
Type  H <return>  for immediate help.
 ...                                              
                                                  
l.5101 \documentclass
                     {article}
Your command was ignored.
Type  I <command> <return>  to replace it with another command,
or  <return>  to continue without it.


c:/Users/kb10719/KajaButina RP/racunalniski-praktikum/06-uvod-v-latex/urnik/urnik.tex:5102: LaTeX Error: Can be used only in preamble.

See the LaTeX manual or LaTeX Companion for explanation.
Type  H <return>  for immediate help.
 ...                                              
                                                  
l.5102 \usepackage
                  [utf8]{inputenc}      % kodiranje znakov
Your command was ignored.
Type  I <command> <return>  to replace it with another command,
or  <return>  to continue without it.


c:/Users/kb10719/KajaButina RP/racunalniski-praktikum/06-uvod-v-latex/urnik/urnik.tex:5103: LaTeX Error: Can be used only in preamble.

See the LaTeX manual or LaTeX Companion for explanation.
Type  H <return>  for immediate help.
 ...                                              
                                                  
l.5103 \usepackage
                  [T1]{fontenc}         % pravilno prikazovanje ƒç, ≈°, ≈æ
Your command was ignored.
Type  I <command> <return>  to replace it with another command,
or  <return>  to continue without it.


c:/Users/kb10719/KajaButina RP/racunalniski-praktikum/06-uvod-v-latex/urnik/urnik.tex:5104: LaTeX Error: Can be used only in preamble.

See the LaTeX manual or LaTeX Companion for explanation.
Type  H <return>  for immediate help.
 ...                                              
                                                  
l.5104 \usepackage
                  [slovene]{babel}      % deljenje besed in prevodi v sloven...
Your command was ignored.
Type  I <command> <return>  to replace it with another command,
or  <return>  to continue without it.


c:/Users/kb10719/KajaButina RP/racunalniski-praktikum/06-uvod-v-latex/urnik/urnik.tex:5112: LaTeX Error: Can be used only in preamble.

See the LaTeX manual or LaTeX Companion for explanation.
Type  H <return>  for immediate help.
 ...                                              
                                                  
l.5112 \begin{document}
                       
Your command was ignored.
Type  I <command> <return>  to replace it with another command,
or  <return>  to continue without it.



[75]
Overfull \hbox (58.45703pt too wide) in paragraph at lines 5176--5185
\T1/cmr/m/n/10 <ime-Pred-meta>matematika</imePredmeta> <ste-vi-lo-Ur-Na-Te-den>3</steviloUrNaTeden>
 []



[76]

[77]

[78]

[79]

[80]

[81]

c:/Users/kb10719/KajaButina RP/racunalniski-praktikum/06-uvod-v-latex/urnik/urnik.tex:5610: LaTeX Error: Can be used only in preamble.

See the LaTeX manual or LaTeX Companion for explanation.
Type  H <return>  for immediate help.
 ...                                              
                                                  
l.5610 \documentclass
                     {article}
Your command was ignored.
Type  I <command> <return>  to replace it with another command,
or  <return>  to continue without it.


c:/Users/kb10719/KajaButina RP/racunalniski-praktikum/06-uvod-v-latex/urnik/urnik.tex:5611: LaTeX Error: Can be used only in preamble.

See the LaTeX manual or LaTeX Companion for explanation.
Type  H <return>  for immediate help.
 ...                                              
                                                  
l.5611 \usepackage
                  [utf8]{inputenc}      % kodiranje znakov
Your command was ignored.
Type  I <command> <return>  to replace it with another command,
or  <return>  to continue without it.


c:/Users/kb10719/KajaButina RP/racunalniski-praktikum/06-uvod-v-latex/urnik/urnik.tex:5612: LaTeX Error: Can be used only in preamble.

See the LaTeX manual or LaTeX Companion for explanation.
Type  H <return>  for immediate help.
 ...                                              
                                                  
l.5612 \usepackage
                  [T1]{fontenc}         % pravilno prikazovanje ƒç, ≈°, ≈æ
Your command was ignored.
Type  I <command> <return>  to replace it with another command,
or  <return>  to continue without it.


c:/Users/kb10719/KajaButina RP/racunalniski-praktikum/06-uvod-v-latex/urnik/urnik.tex:5613: LaTeX Error: Can be used only in preamble.

See the LaTeX manual or LaTeX Companion for explanation.
Type  H <return>  for immediate help.
 ...                                              
                                                  
l.5613 \usepackage
                  [slovene]{babel}      % deljenje besed in prevodi v sloven...
Your command was ignored.
Type  I <command> <return>  to replace it with another command,
or  <return>  to continue without it.


c:/Users/kb10719/KajaButina RP/racunalniski-praktikum/06-uvod-v-latex/urnik/urnik.tex:5621: LaTeX Error: Can be used only in preamble.

See the LaTeX manual or LaTeX Companion for explanation.
Type  H <return>  for immediate help.
 ...                                              
                                                  
l.5621 \begin{document}
                       
Your command was ignored.
Type  I <command> <return>  to replace it with another command,
or  <return>  to continue without it.



[82]
Overfull \hbox (58.45703pt too wide) in paragraph at lines 5685--5694
\T1/cmr/m/n/10 <ime-Pred-meta>matematika</imePredmeta> <ste-vi-lo-Ur-Na-Te-den>3</steviloUrNaTeden>
 []



[83]

[84]

[85]

[86]

[87]

[88]

[89]

c:/Users/kb10719/KajaButina RP/racunalniski-praktikum/06-uvod-v-latex/urnik/urnik.tex:6119: LaTeX Error: Can be used only in preamble.

See the LaTeX manual or LaTeX Companion for explanation.
Type  H <return>  for immediate help.
 ...                                              
                                                  
l.6119 \documentclass
                     {article}
Your command was ignored.
Type  I <command> <return>  to replace it with another command,
or  <return>  to continue without it.


c:/Users/kb10719/KajaButina RP/racunalniski-praktikum/06-uvod-v-latex/urnik/urnik.tex:6120: LaTeX Error: Can be used only in preamble.

See the LaTeX manual or LaTeX Companion for explanation.
Type  H <return>  for immediate help.
 ...                                              
                                                  
l.6120 \usepackage
                  [utf8]{inputenc}      % kodiranje znakov
Your command was ignored.
Type  I <command> <return>  to replace it with another command,
or  <return>  to continue without it.


c:/Users/kb10719/KajaButina RP/racunalniski-praktikum/06-uvod-v-latex/urnik/urnik.tex:6121: LaTeX Error: Can be used only in preamble.

See the LaTeX manual or LaTeX Companion for explanation.
Type  H <return>  for immediate help.
 ...                                              
                                                  
l.6121 \usepackage
                  [T1]{fontenc}         % pravilno prikazovanje ƒç, ≈°, ≈æ
Your command was ignored.
Type  I <command> <return>  to replace it with another command,
or  <return>  to continue without it.


c:/Users/kb10719/KajaButina RP/racunalniski-praktikum/06-uvod-v-latex/urnik/urnik.tex:6122: LaTeX Error: Can be used only in preamble.

See the LaTeX manual or LaTeX Companion for explanation.
Type  H <return>  for immediate help.
 ...                                              
                                                  
l.6122 \usepackage
                  [slovene]{babel}      % deljenje besed in prevodi v sloven...
Your command was ignored.
Type  I <command> <return>  to replace it with another command,
or  <return>  to continue without it.


c:/Users/kb10719/KajaButina RP/racunalniski-praktikum/06-uvod-v-latex/urnik/urnik.tex:6130: LaTeX Error: Can be used only in preamble.

See the LaTeX manual or LaTeX Companion for explanation.
Type  H <return>  for immediate help.
 ...                                              
                                                  
l.6130 \begin{document}
                       
Your command was ignored.
Type  I <command> <return>  to replace it with another command,
or  <return>  to continue without it.



[90]
Overfull \hbox (58.45703pt too wide) in paragraph at lines 6194--6203
\T1/cmr/m/n/10 <ime-Pred-meta>matematika</imePredmeta> <ste-vi-lo-Ur-Na-Te-den>3</steviloUrNaTeden>
 []



[91]

[92]

[93]

[94]

[95]

[96]

c:/Users/kb10719/KajaButina RP/racunalniski-praktikum/06-uvod-v-latex/urnik/urnik.tex:6628: LaTeX Error: Can be used only in preamble.

See the LaTeX manual or LaTeX Companion for explanation.
Type  H <return>  for immediate help.
 ...                                              
                                                  
l.6628 \documentclass
                     {article}
Your command was ignored.
Type  I <command> <return>  to replace it with another command,
or  <return>  to continue without it.


c:/Users/kb10719/KajaButina RP/racunalniski-praktikum/06-uvod-v-latex/urnik/urnik.tex:6629: LaTeX Error: Can be used only in preamble.

See the LaTeX manual or LaTeX Companion for explanation.
Type  H <return>  for immediate help.
 ...                                              
                                                  
l.6629 \usepackage
                  [utf8]{inputenc}      % kodiranje znakov
Your command was ignored.
Type  I <command> <return>  to replace it with another command,
or  <return>  to continue without it.


c:/Users/kb10719/KajaButina RP/racunalniski-praktikum/06-uvod-v-latex/urnik/urnik.tex:6630: LaTeX Error: Can be used only in preamble.

See the LaTeX manual or LaTeX Companion for explanation.
Type  H <return>  for immediate help.
 ...                                              
                                                  
l.6630 \usepackage
                  [T1]{fontenc}         % pravilno prikazovanje ƒç, ≈°, ≈æ
Your command was ignored.
Type  I <command> <return>  to replace it with another command,
or  <return>  to continue without it.


c:/Users/kb10719/KajaButina RP/racunalniski-praktikum/06-uvod-v-latex/urnik/urnik.tex:6631: LaTeX Error: Can be used only in preamble.

See the LaTeX manual or LaTeX Companion for explanation.
Type  H <return>  for immediate help.
 ...                                              
                                                  
l.6631 \usepackage
                  [slovene]{babel}      % deljenje besed in prevodi v sloven...
Your command was ignored.
Type  I <command> <return>  to replace it with another command,
or  <return>  to continue without it.


c:/Users/kb10719/KajaButina RP/racunalniski-praktikum/06-uvod-v-latex/urnik/urnik.tex:6639: LaTeX Error: Can be used only in preamble.

See the LaTeX manual or LaTeX Companion for explanation.
Type  H <return>  for immediate help.
 ...                                              
                                                  
l.6639 \begin{document}
                       
Your command was ignored.
Type  I <command> <return>  to replace it with another command,
or  <return>  to continue without it.



[97]
Overfull \hbox (58.45703pt too wide) in paragraph at lines 6703--6712
\T1/cmr/m/n/10 <ime-Pred-meta>matematika</imePredmeta> <ste-vi-lo-Ur-Na-Te-den>3</steviloUrNaTeden>
 []



[98]

[99]

[100]

[101]

[102]

[103]

[104]

c:/Users/kb10719/KajaButina RP/racunalniski-praktikum/06-uvod-v-latex/urnik/urnik.tex:7137: LaTeX Error: Can be used only in preamble.

See the LaTeX manual or LaTeX Companion for explanation.
Type  H <return>  for immediate help.
 ...                                              
                                                  
l.7137 \documentclass
                     {article}
Your command was ignored.
Type  I <command> <return>  to replace it with another command,
or  <return>  to continue without it.


c:/Users/kb10719/KajaButina RP/racunalniski-praktikum/06-uvod-v-latex/urnik/urnik.tex:7138: LaTeX Error: Can be used only in preamble.

See the LaTeX manual or LaTeX Companion for explanation.
Type  H <return>  for immediate help.
 ...                                              
                                                  
l.7138 \usepackage
                  [utf8]{inputenc}      % kodiranje znakov
Your command was ignored.
Type  I <command> <return>  to replace it with another command,
or  <return>  to continue without it.


c:/Users/kb10719/KajaButina RP/racunalniski-praktikum/06-uvod-v-latex/urnik/urnik.tex:7139: LaTeX Error: Can be used only in preamble.

See the LaTeX manual or LaTeX Companion for explanation.
Type  H <return>  for immediate help.
 ...                                              
                                                  
l.7139 \usepackage
                  [T1]{fontenc}         % pravilno prikazovanje ƒç, ≈°, ≈æ
Your command was ignored.
Type  I <command> <return>  to replace it with another command,
or  <return>  to continue without it.


c:/Users/kb10719/KajaButina RP/racunalniski-praktikum/06-uvod-v-latex/urnik/urnik.tex:7140: LaTeX Error: Can be used only in preamble.

See the LaTeX manual or LaTeX Companion for explanation.
Type  H <return>  for immediate help.
 ...                                              
                                                  
l.7140 \usepackage
                  [slovene]{babel}      % deljenje besed in prevodi v sloven...
Your command was ignored.
Type  I <command> <return>  to replace it with another command,
or  <return>  to continue without it.


c:/Users/kb10719/KajaButina RP/racunalniski-praktikum/06-uvod-v-latex/urnik/urnik.tex:7148: LaTeX Error: Can be used only in preamble.

See the LaTeX manual or LaTeX Companion for explanation.
Type  H <return>  for immediate help.
 ...                                              
                                                  
l.7148 \begin{document}
                       
Your command was ignored.
Type  I <command> <return>  to replace it with another command,
or  <return>  to continue without it.



[105]
Overfull \hbox (58.45703pt too wide) in paragraph at lines 7212--7221
\T1/cmr/m/n/10 <ime-Pred-meta>matematika</imePredmeta> <ste-vi-lo-Ur-Na-Te-den>3</steviloUrNaTeden>
 []



[106]

[107]

[108]

[109]

[110]

[111]

c:/Users/kb10719/KajaButina RP/racunalniski-praktikum/06-uvod-v-latex/urnik/urnik.tex:7646: LaTeX Error: Can be used only in preamble.

See the LaTeX manual or LaTeX Companion for explanation.
Type  H <return>  for immediate help.
 ...                                              
                                                  
l.7646 \documentclass
                     {article}
Your command was ignored.
Type  I <command> <return>  to replace it with another command,
or  <return>  to continue without it.


c:/Users/kb10719/KajaButina RP/racunalniski-praktikum/06-uvod-v-latex/urnik/urnik.tex:7647: LaTeX Error: Can be used only in preamble.

See the LaTeX manual or LaTeX Companion for explanation.
Type  H <return>  for immediate help.
 ...                                              
                                                  
l.7647 \usepackage
                  [utf8]{inputenc}      % kodiranje znakov
Your command was ignored.
Type  I <command> <return>  to replace it with another command,
or  <return>  to continue without it.


c:/Users/kb10719/KajaButina RP/racunalniski-praktikum/06-uvod-v-latex/urnik/urnik.tex:7648: LaTeX Error: Can be used only in preamble.

See the LaTeX manual or LaTeX Companion for explanation.
Type  H <return>  for immediate help.
 ...                                              
                                                  
l.7648 \usepackage
                  [T1]{fontenc}         % pravilno prikazovanje ƒç, ≈°, ≈æ
Your command was ignored.
Type  I <command> <return>  to replace it with another command,
or  <return>  to continue without it.


c:/Users/kb10719/KajaButina RP/racunalniski-praktikum/06-uvod-v-latex/urnik/urnik.tex:7649: LaTeX Error: Can be used only in preamble.

See the LaTeX manual or LaTeX Companion for explanation.
Type  H <return>  for immediate help.
 ...                                              
                                                  
l.7649 \usepackage
                  [slovene]{babel}      % deljenje besed in prevodi v sloven...
Your command was ignored.
Type  I <command> <return>  to replace it with another command,
or  <return>  to continue without it.


c:/Users/kb10719/KajaButina RP/racunalniski-praktikum/06-uvod-v-latex/urnik/urnik.tex:7657: LaTeX Error: Can be used only in preamble.

See the LaTeX manual or LaTeX Companion for explanation.
Type  H <return>  for immediate help.
 ...                                              
                                                  
l.7657 \begin{document}
                       
Your command was ignored.
Type  I <command> <return>  to replace it with another command,
or  <return>  to continue without it.



[112]
Overfull \hbox (58.45703pt too wide) in paragraph at lines 7721--7730
\T1/cmr/m/n/10 <ime-Pred-meta>matematika</imePredmeta> <ste-vi-lo-Ur-Na-Te-den>3</steviloUrNaTeden>
 []



[113]

[114]

[115]

[116]

[117]

[118]

[119]

c:/Users/kb10719/KajaButina RP/racunalniski-praktikum/06-uvod-v-latex/urnik/urnik.tex:8155: LaTeX Error: Can be used only in preamble.

See the LaTeX manual or LaTeX Companion for explanation.
Type  H <return>  for immediate help.
 ...                                              
                                                  
l.8155 \documentclass
                     {article}
Your command was ignored.
Type  I <command> <return>  to replace it with another command,
or  <return>  to continue without it.


c:/Users/kb10719/KajaButina RP/racunalniski-praktikum/06-uvod-v-latex/urnik/urnik.tex:8156: LaTeX Error: Can be used only in preamble.

See the LaTeX manual or LaTeX Companion for explanation.
Type  H <return>  for immediate help.
 ...                                              
                                                  
l.8156 \usepackage
                  [utf8]{inputenc}      % kodiranje znakov
Your command was ignored.
Type  I <command> <return>  to replace it with another command,
or  <return>  to continue without it.


c:/Users/kb10719/KajaButina RP/racunalniski-praktikum/06-uvod-v-latex/urnik/urnik.tex:8157: LaTeX Error: Can be used only in preamble.

See the LaTeX manual or LaTeX Companion for explanation.
Type  H <return>  for immediate help.
 ...                                              
                                                  
l.8157 \usepackage
                  [T1]{fontenc}         % pravilno prikazovanje ƒç, ≈°, ≈æ
Your command was ignored.
Type  I <command> <return>  to replace it with another command,
or  <return>  to continue without it.


c:/Users/kb10719/KajaButina RP/racunalniski-praktikum/06-uvod-v-latex/urnik/urnik.tex:8158: LaTeX Error: Can be used only in preamble.

See the LaTeX manual or LaTeX Companion for explanation.
Type  H <return>  for immediate help.
 ...                                              
                                                  
l.8158 \usepackage
                  [slovene]{babel}      % deljenje besed in prevodi v sloven...
Your command was ignored.
Type  I <command> <return>  to replace it with another command,
or  <return>  to continue without it.


c:/Users/kb10719/KajaButina RP/racunalniski-praktikum/06-uvod-v-latex/urnik/urnik.tex:8166: LaTeX Error: Can be used only in preamble.

See the LaTeX manual or LaTeX Companion for explanation.
Type  H <return>  for immediate help.
 ...                                              
                                                  
l.8166 \begin{document}
                       
Your command was ignored.
Type  I <command> <return>  to replace it with another command,
or  <return>  to continue without it.



[120]
Overfull \hbox (58.45703pt too wide) in paragraph at lines 8230--8239
\T1/cmr/m/n/10 <ime-Pred-meta>matematika</imePredmeta> <ste-vi-lo-Ur-Na-Te-den>3</steviloUrNaTeden>
 []



[121]

[122]

[123]

[124]

[125]

[126]

c:/Users/kb10719/KajaButina RP/racunalniski-praktikum/06-uvod-v-latex/urnik/urnik.tex:8664: LaTeX Error: Can be used only in preamble.

See the LaTeX manual or LaTeX Companion for explanation.
Type  H <return>  for immediate help.
 ...                                              
                                                  
l.8664 \documentclass
                     {article}
Your command was ignored.
Type  I <command> <return>  to replace it with another command,
or  <return>  to continue without it.


c:/Users/kb10719/KajaButina RP/racunalniski-praktikum/06-uvod-v-latex/urnik/urnik.tex:8665: LaTeX Error: Can be used only in preamble.

See the LaTeX manual or LaTeX Companion for explanation.
Type  H <return>  for immediate help.
 ...                                              
                                                  
l.8665 \usepackage
                  [utf8]{inputenc}      % kodiranje znakov
Your command was ignored.
Type  I <command> <return>  to replace it with another command,
or  <return>  to continue without it.


c:/Users/kb10719/KajaButina RP/racunalniski-praktikum/06-uvod-v-latex/urnik/urnik.tex:8666: LaTeX Error: Can be used only in preamble.

See the LaTeX manual or LaTeX Companion for explanation.
Type  H <return>  for immediate help.
 ...                                              
                                                  
l.8666 \usepackage
                  [T1]{fontenc}         % pravilno prikazovanje ƒç, ≈°, ≈æ
Your command was ignored.
Type  I <command> <return>  to replace it with another command,
or  <return>  to continue without it.


c:/Users/kb10719/KajaButina RP/racunalniski-praktikum/06-uvod-v-latex/urnik/urnik.tex:8667: LaTeX Error: Can be used only in preamble.

See the LaTeX manual or LaTeX Companion for explanation.
Type  H <return>  for immediate help.
 ...                                              
                                                  
l.8667 \usepackage
                  [slovene]{babel}      % deljenje besed in prevodi v sloven...
Your command was ignored.
Type  I <command> <return>  to replace it with another command,
or  <return>  to continue without it.


c:/Users/kb10719/KajaButina RP/racunalniski-praktikum/06-uvod-v-latex/urnik/urnik.tex:8675: LaTeX Error: Can be used only in preamble.

See the LaTeX manual or LaTeX Companion for explanation.
Type  H <return>  for immediate help.
 ...                                              
                                                  
l.8675 \begin{document}
                       
Your command was ignored.
Type  I <command> <return>  to replace it with another command,
or  <return>  to continue without it.



[127]
Overfull \hbox (58.45703pt too wide) in paragraph at lines 8739--8748
\T1/cmr/m/n/10 <ime-Pred-meta>matematika</imePredmeta> <ste-vi-lo-Ur-Na-Te-den>3</steviloUrNaTeden>
 []



[128]

[129]

[130]

[131]

[132]

[133]

c:/Users/kb10719/KajaButina RP/racunalniski-praktikum/06-uvod-v-latex/urnik/urnik.tex:9173: LaTeX Error: Can be used only in preamble.

See the LaTeX manual or LaTeX Companion for explanation.
Type  H <return>  for immediate help.
 ...                                              
                                                  
l.9173 \documentclass
                     {article}
Your command was ignored.
Type  I <command> <return>  to replace it with another command,
or  <return>  to continue without it.


c:/Users/kb10719/KajaButina RP/racunalniski-praktikum/06-uvod-v-latex/urnik/urnik.tex:9174: LaTeX Error: Can be used only in preamble.

See the LaTeX manual or LaTeX Companion for explanation.
Type  H <return>  for immediate help.
 ...                                              
                                                  
l.9174 \usepackage
                  [utf8]{inputenc}      % kodiranje znakov
Your command was ignored.
Type  I <command> <return>  to replace it with another command,
or  <return>  to continue without it.


c:/Users/kb10719/KajaButina RP/racunalniski-praktikum/06-uvod-v-latex/urnik/urnik.tex:9175: LaTeX Error: Can be used only in preamble.

See the LaTeX manual or LaTeX Companion for explanation.
Type  H <return>  for immediate help.
 ...                                              
                                                  
l.9175 \usepackage
                  [T1]{fontenc}         % pravilno prikazovanje ƒç, ≈°, ≈æ
Your command was ignored.
Type  I <command> <return>  to replace it with another command,
or  <return>  to continue without it.


c:/Users/kb10719/KajaButina RP/racunalniski-praktikum/06-uvod-v-latex/urnik/urnik.tex:9176: LaTeX Error: Can be used only in preamble.

See the LaTeX manual or LaTeX Companion for explanation.
Type  H <return>  for immediate help.
 ...                                              
                                                  
l.9176 \usepackage
                  [slovene]{babel}      % deljenje besed in prevodi v sloven...
Your command was ignored.
Type  I <command> <return>  to replace it with another command,
or  <return>  to continue without it.


c:/Users/kb10719/KajaButina RP/racunalniski-praktikum/06-uvod-v-latex/urnik/urnik.tex:9184: LaTeX Error: Can be used only in preamble.

See the LaTeX manual or LaTeX Companion for explanation.
Type  H <return>  for immediate help.
 ...                                              
                                                  
l.9184 \begin{document}
                       
Your command was ignored.
Type  I <command> <return>  to replace it with another command,
or  <return>  to continue without it.



[134]
Overfull \hbox (58.45703pt too wide) in paragraph at lines 9248--9257
\T1/cmr/m/n/10 <ime-Pred-meta>matematika</imePredmeta> <ste-vi-lo-Ur-Na-Te-den>3</steviloUrNaTeden>
 []



[135]

[136]

[137]

[138]

[139]

[140]

[141]

c:/Users/kb10719/KajaButina RP/racunalniski-praktikum/06-uvod-v-latex/urnik/urnik.tex:9682: LaTeX Error: Can be used only in preamble.

See the LaTeX manual or LaTeX Companion for explanation.
Type  H <return>  for immediate help.
 ...                                              
                                                  
l.9682 \documentclass
                     {article}
Your command was ignored.
Type  I <command> <return>  to replace it with another command,
or  <return>  to continue without it.


c:/Users/kb10719/KajaButina RP/racunalniski-praktikum/06-uvod-v-latex/urnik/urnik.tex:9683: LaTeX Error: Can be used only in preamble.

See the LaTeX manual or LaTeX Companion for explanation.
Type  H <return>  for immediate help.
 ...                                              
                                                  
l.9683 \usepackage
                  [utf8]{inputenc}      % kodiranje znakov
Your command was ignored.
Type  I <command> <return>  to replace it with another command,
or  <return>  to continue without it.


c:/Users/kb10719/KajaButina RP/racunalniski-praktikum/06-uvod-v-latex/urnik/urnik.tex:9684: LaTeX Error: Can be used only in preamble.

See the LaTeX manual or LaTeX Companion for explanation.
Type  H <return>  for immediate help.
 ...                                              
                                                  
l.9684 \usepackage
                  [T1]{fontenc}         % pravilno prikazovanje ƒç, ≈°, ≈æ
Your command was ignored.
Type  I <command> <return>  to replace it with another command,
or  <return>  to continue without it.


c:/Users/kb10719/KajaButina RP/racunalniski-praktikum/06-uvod-v-latex/urnik/urnik.tex:9685: LaTeX Error: Can be used only in preamble.

See the LaTeX manual or LaTeX Companion for explanation.
Type  H <return>  for immediate help.
 ...                                              
                                                  
l.9685 \usepackage
                  [slovene]{babel}      % deljenje besed in prevodi v sloven...
Your command was ignored.
Type  I <command> <return>  to replace it with another command,
or  <return>  to continue without it.


c:/Users/kb10719/KajaButina RP/racunalniski-praktikum/06-uvod-v-latex/urnik/urnik.tex:9693: LaTeX Error: Can be used only in preamble.

See the LaTeX manual or LaTeX Companion for explanation.
Type  H <return>  for immediate help.
 ...                                              
                                                  
l.9693 \begin{document}
                       
Your command was ignored.
Type  I <command> <return>  to replace it with another command,
or  <return>  to continue without it.



[142]
Overfull \hbox (58.45703pt too wide) in paragraph at lines 9757--9766
\T1/cmr/m/n/10 <ime-Pred-meta>matematika</imePredmeta> <ste-vi-lo-Ur-Na-Te-den>3</steviloUrNaTeden>
 []



[143]

[144]

[145]

[146]

[147]

[148]

c:/Users/kb10719/KajaButina RP/racunalniski-praktikum/06-uvod-v-latex/urnik/urnik.tex:10191: LaTeX Error: Can be used only in preamble.

See the LaTeX manual or LaTeX Companion for explanation.
Type  H <return>  for immediate help.
 ...                                              
                                                  
l.10191 \documentclass
                      {article}
Your command was ignored.
Type  I <command> <return>  to replace it with another command,
or  <return>  to continue without it.


c:/Users/kb10719/KajaButina RP/racunalniski-praktikum/06-uvod-v-latex/urnik/urnik.tex:10192: LaTeX Error: Can be used only in preamble.

See the LaTeX manual or LaTeX Companion for explanation.
Type  H <return>  for immediate help.
 ...                                              
                                                  
l.10192 \usepackage
                   [utf8]{inputenc}      % kodiranje znakov
Your command was ignored.
Type  I <command> <return>  to replace it with another command,
or  <return>  to continue without it.


c:/Users/kb10719/KajaButina RP/racunalniski-praktikum/06-uvod-v-latex/urnik/urnik.tex:10193: LaTeX Error: Can be used only in preamble.

See the LaTeX manual or LaTeX Companion for explanation.
Type  H <return>  for immediate help.
 ...                                              
                                                  
l.10193 \usepackage
                   [T1]{fontenc}         % pravilno prikazovanje ƒç, ≈°, ≈æ
Your command was ignored.
Type  I <command> <return>  to replace it with another command,
or  <return>  to continue without it.


c:/Users/kb10719/KajaButina RP/racunalniski-praktikum/06-uvod-v-latex/urnik/urnik.tex:10194: LaTeX Error: Can be used only in preamble.

See the LaTeX manual or LaTeX Companion for explanation.
Type  H <return>  for immediate help.
 ...                                              
                                                  
l.10194 \usepackage
                   [slovene]{babel}      % deljenje besed in prevodi v slove...
Your command was ignored.
Type  I <command> <return>  to replace it with another command,
or  <return>  to continue without it.


c:/Users/kb10719/KajaButina RP/racunalniski-praktikum/06-uvod-v-latex/urnik/urnik.tex:10202: LaTeX Error: Can be used only in preamble.

See the LaTeX manual or LaTeX Companion for explanation.
Type  H <return>  for immediate help.
 ...                                              
                                                  
l.10202 \begin{document}
                        
Your command was ignored.
Type  I <command> <return>  to replace it with another command,
or  <return>  to continue without it.



[149]
Overfull \hbox (58.45703pt too wide) in paragraph at lines 10266--10275
\T1/cmr/m/n/10 <ime-Pred-meta>matematika</imePredmeta> <ste-vi-lo-Ur-Na-Te-den>3</steviloUrNaTeden>
 []



[150]

[151]

[152]

[153]

[154]

[155]

[156]

[157] (urnik.aux)
 ***********
LaTeX2e <2025-06-01> patch level 1
L3 programming layer <2025-07-20>
 ***********
 )
(\end occurred inside a group at level 20)

### semi simple group (level 20) entered at line 10202 (\begingroup)
### semi simple group (level 19) entered at line 9693 (\begingroup)
### semi simple group (level 18) entered at line 9184 (\begingroup)
### semi simple group (level 17) entered at line 8675 (\begingroup)
### semi simple group (level 16) entered at line 8166 (\begingroup)
### semi simple group (level 15) entered at line 7657 (\begingroup)
### semi simple group (level 14) entered at line 7148 (\begingroup)
### semi simple group (level 13) entered at line 6639 (\begingroup)
### semi simple group (level 12) entered at line 6130 (\begingroup)
### semi simple group (level 11) entered at line 5621 (\begingroup)
### semi simple group (level 10) entered at line 5112 (\begingroup)
### semi simple group (level 9) entered at line 4603 (\begingroup)
### semi simple group (level 8) entered at line 4094 (\begingroup)
### semi simple group (level 7) entered at line 3585 (\begingroup)
### semi simple group (level 6) entered at line 3076 (\begingroup)
### semi simple group (level 5) entered at line 2567 (\begingroup)
### semi simple group (level 4) entered at line 2058 (\begingroup)
### semi simple group (level 3) entered at line 1549 (\begingroup)
### semi simple group (level 2) entered at line 1040 (\begingroup)
### semi simple group (level 1) entered at line 531 (\begingroup)
### bottom level 
Here is how much of TeX's memory you used:
 1828 strings out of 468134
 31806 string characters out of 5440800
 447560 words of memory out of 5000000
 30480 multiletter control sequences out of 15000+600000
 633710 words of font info for 55 fonts, out of 8000000 for 9000
 1141 hyphenation exceptions out of 8191
 50i,6n,56p,318b,324s stack positions out of 10000i,1000n,20000p,200000b,200000s
 <C:\Users\kb10719\AppData\Local\MiKTeX\fonts/pk/ljfour/jknappen/ec/dpi600\ectt1000.pk> <C:\Users\kb10719\AppData\Local\MiKTeX\fonts/pk/ljfour/jknappen/ec/dpi600\ecrm1000.pk> <C:\Users\kb10719\AppData\Local\MiKTeX\fonts/pk/ljfour/jknappen/ec/dpi600\ecrm0900.pk> <C:\Users\kb10719\AppData\Local\MiKTeX\fonts/pk/ljfour/jknappen/ec/dpi600\ecbx0900.pk> <C:\Users\kb10719\AppData\Local\MiKTeX\fonts/pk/ljfour/jknappen/ec/dpi600\ecrm1200.pk> <C:\Users\kb10719\AppData\Local\MiKTeX\fonts/pk/ljfour/jknappen/ec/dpi600\ecrm1728.pk>
Output written on urnik.pdf (157 pages, 540090 bytes).
PDF statistics:
 693 PDF objects out of 1000 (max. 8388607)
 0 named destinations out of 1000 (max. 500000)
 1 words of extra memory for PDF output out of 10000 (max. 10000000)

